<?xml version="1.0" encoding="UTF-8"?>
<testsuite name="com.stream.MinMaxSumAverageTest" tests="4" skipped="0" failures="0" errors="0" timestamp="2024-07-10T22:17:09" hostname="TDesktop" time="0.011">
  <properties/>
  <testcase name="minMaxSumAverage()" classname="com.stream.MinMaxSumAverageTest" time="0.005"/>
  <testcase name="IntStreamTest()" classname="com.stream.MinMaxSumAverageTest" time="0.0"/>
  <testcase name="reduceMinMaxSum()" classname="com.stream.MinMaxSumAverageTest" time="0.002"/>
  <testcase name="reduceMinMaxSumOptional()" classname="com.stream.MinMaxSumAverageTest" time="0.001"/>
  <system-out><![CDATA[]]></system-out>
  <system-err><![CDATA[]]></system-err>
</testsuite>
