<?xml version="1.0" encoding="UTF-8"?>
<testsuite name="com.stream.BasicStreamTest" tests="6" skipped="0" failures="0" errors="0" timestamp="2024-07-10T22:17:09" hostname="TDesktop" time="0.025">
  <properties/>
  <testcase name="mapShouldTransform()" classname="com.stream.BasicStreamTest" time="0.001"/>
  <testcase name="filterKey()" classname="com.stream.BasicStreamTest" time="0.003"/>
  <testcase name="groupingBy()" classname="com.stream.BasicStreamTest" time="0.003"/>
  <testcase name="reduceTakeTwoParameter()" classname="com.stream.BasicStreamTest" time="0.005"/>
  <testcase name="streamThenCollectShouldChangeNothing()" classname="com.stream.BasicStreamTest" time="0.001"/>
  <testcase name="countSumMinMaxWithOptionalEtc()" classname="com.stream.BasicStreamTest" time="0.007"/>
  <system-out><![CDATA[]]></system-out>
  <system-err><![CDATA[]]></system-err>
</testsuite>
