<?xml version="1.0" encoding="UTF-8"?>
<testsuite name="com.stream.ComplicatedStreamTest" tests="6" skipped="0" failures="0" errors="0" timestamp="2024-07-10T22:17:09" hostname="TDesktop" time="0.018">
  <properties/>
  <testcase name="filterKeyWithPredicate()" classname="com.stream.ComplicatedStreamTest" time="0.001"/>
  <testcase name="filterValueWithLambdaExpressionPredicate()" classname="com.stream.ComplicatedStreamTest" time="0.002"/>
  <testcase name="filterValue()" classname="com.stream.ComplicatedStreamTest" time="0.003"/>
  <testcase name="filterKey()" classname="com.stream.ComplicatedStreamTest" time="0.002"/>
  <testcase name="flatMap()" classname="com.stream.ComplicatedStreamTest" time="0.001"/>
  <testcase name="filterValueWithMethodReferencePredicate()" classname="com.stream.ComplicatedStreamTest" time="0.002"/>
  <system-out><![CDATA[]]></system-out>
  <system-err><![CDATA[]]></system-err>
</testsuite>
